  Command.cpp
D:\03_01 yuhan\problem-solving skills\ohyoodan_3rd_grade\13week_\Object_.h(57,13): error C2059: 구문 오류: ')'
D:\03_01 yuhan\problem-solving skills\ohyoodan_3rd_grade\13week_\Object_.h(57,14): error C2238: ';' 앞에 예기치 않은 토큰이 있습니다.
D:\03_01 yuhan\problem-solving skills\ohyoodan_3rd_grade\13week_\Object_.h(58,13): error C2523: 'GameEngine::Player::~Object_': 소멸자 태그가 일치하지 않습니다.
D:\03_01 yuhan\problem-solving skills\ohyoodan_3rd_grade\13week_\Object_.h(58,6): error C2535: 'GameEngine::Player::~Player(void)': 멤버 함수를 이미 정의했거나 선언했습니다.
D:\03_01 yuhan\problem-solving skills\ohyoodan_3rd_grade\13week_\Object_.h(56,6): message : 'GameEngine::Player::~Player' 선언을 참조하십시오.
  GameLoop_.cpp
D:\03_01 yuhan\problem-solving skills\ohyoodan_3rd_grade\13week_\Object_.h(57,13): error C2059: 구문 오류: ')'
D:\03_01 yuhan\problem-solving skills\ohyoodan_3rd_grade\13week_\Object_.h(57,14): error C2238: ';' 앞에 예기치 않은 토큰이 있습니다.
D:\03_01 yuhan\problem-solving skills\ohyoodan_3rd_grade\13week_\Object_.h(58,13): error C2523: 'GameEngine::Player::~Object_': 소멸자 태그가 일치하지 않습니다.
D:\03_01 yuhan\problem-solving skills\ohyoodan_3rd_grade\13week_\Object_.h(58,6): error C2535: 'GameEngine::Player::~Player(void)': 멤버 함수를 이미 정의했거나 선언했습니다.
D:\03_01 yuhan\problem-solving skills\ohyoodan_3rd_grade\13week_\Object_.h(56,6): message : 'GameEngine::Player::~Player' 선언을 참조하십시오.
D:\03_01 yuhan\problem-solving skills\ohyoodan_3rd_grade\13week_\GameLoop_.cpp(24,21): warning C4244: '초기화 중': '_Rep'에서 'int'(으)로 변환하면서 데이터가 손실될 수 있습니다.
          with
          [
              _Rep=__int64
          ]
  Object_.cpp
D:\03_01 yuhan\problem-solving skills\ohyoodan_3rd_grade\13week_\Object_.h(57,13): error C2059: 구문 오류: ')'
D:\03_01 yuhan\problem-solving skills\ohyoodan_3rd_grade\13week_\Object_.h(57,14): error C2238: ';' 앞에 예기치 않은 토큰이 있습니다.
D:\03_01 yuhan\problem-solving skills\ohyoodan_3rd_grade\13week_\Object_.h(58,13): error C2523: 'GameEngine::Player::~Object_': 소멸자 태그가 일치하지 않습니다.
D:\03_01 yuhan\problem-solving skills\ohyoodan_3rd_grade\13week_\Object_.h(58,6): error C2535: 'GameEngine::Player::~Player(void)': 멤버 함수를 이미 정의했거나 선언했습니다.
D:\03_01 yuhan\problem-solving skills\ohyoodan_3rd_grade\13week_\Object_.h(56,6): message : 'GameEngine::Player::~Player' 선언을 참조하십시오.
D:\03_01 yuhan\problem-solving skills\ohyoodan_3rd_grade\13week_\Object_.cpp(44,19): error C2512: 'GameEngine::Object_': 사용할 수 있는 적절한 기본 생성자가 없습니다.
D:\03_01 yuhan\problem-solving skills\ohyoodan_3rd_grade\13week_\Object_.h(17,8): message : 'GameEngine::Object_' 선언을 참조하십시오.
  Scene.cpp
D:\03_01 yuhan\problem-solving skills\ohyoodan_3rd_grade\13week_\Object_.h(57,13): error C2059: 구문 오류: ')'
D:\03_01 yuhan\problem-solving skills\ohyoodan_3rd_grade\13week_\Object_.h(57,14): error C2238: ';' 앞에 예기치 않은 토큰이 있습니다.
D:\03_01 yuhan\problem-solving skills\ohyoodan_3rd_grade\13week_\Object_.h(58,13): error C2523: 'GameEngine::Player::~Object_': 소멸자 태그가 일치하지 않습니다.
D:\03_01 yuhan\problem-solving skills\ohyoodan_3rd_grade\13week_\Object_.h(58,6): error C2535: 'GameEngine::Player::~Player(void)': 멤버 함수를 이미 정의했거나 선언했습니다.
D:\03_01 yuhan\problem-solving skills\ohyoodan_3rd_grade\13week_\Object_.h(56,6): message : 'GameEngine::Player::~Player' 선언을 참조하십시오.
  main.cpp
D:\03_01 yuhan\problem-solving skills\ohyoodan_3rd_grade\13week_\Object_.h(57,13): error C2059: 구문 오류: ')'
D:\03_01 yuhan\problem-solving skills\ohyoodan_3rd_grade\13week_\Object_.h(57,14): error C2238: ';' 앞에 예기치 않은 토큰이 있습니다.
D:\03_01 yuhan\problem-solving skills\ohyoodan_3rd_grade\13week_\Object_.h(58,13): error C2523: 'GameEngine::Player::~Object_': 소멸자 태그가 일치하지 않습니다.
D:\03_01 yuhan\problem-solving skills\ohyoodan_3rd_grade\13week_\Object_.h(58,6): error C2535: 'GameEngine::Player::~Player(void)': 멤버 함수를 이미 정의했거나 선언했습니다.
D:\03_01 yuhan\problem-solving skills\ohyoodan_3rd_grade\13week_\Object_.h(56,6): message : 'GameEngine::Player::~Player' 선언을 참조하십시오.
  코드를 생성하고 있습니다...
