d:\03_01 yuhan\problem-solving skills\ohyoodan_3rd_grade\13week_\x64\debug\vc143.pdb
d:\03_01 yuhan\problem-solving skills\ohyoodan_3rd_grade\13week_\x64\debug\vc143.idb
d:\03_01 yuhan\problem-solving skills\ohyoodan_3rd_grade\13week_\x64\debug\command.nativecodeanalysis.sarif
d:\03_01 yuhan\problem-solving skills\ohyoodan_3rd_grade\13week_\x64\debug\command.nativecodeanalysis.xml
d:\03_01 yuhan\problem-solving skills\ohyoodan_3rd_grade\13week_\x64\debug\object.nativecodeanalysis.sarif
d:\03_01 yuhan\problem-solving skills\ohyoodan_3rd_grade\13week_\x64\debug\object.nativecodeanalysis.xml
d:\03_01 yuhan\problem-solving skills\ohyoodan_3rd_grade\13week_\x64\debug\scene.nativecodeanalysis.sarif
d:\03_01 yuhan\problem-solving skills\ohyoodan_3rd_grade\13week_\x64\debug\scene.nativecodeanalysis.xml
d:\03_01 yuhan\problem-solving skills\ohyoodan_3rd_grade\13week_\x64\debug\main.nativecodeanalysis.sarif
d:\03_01 yuhan\problem-solving skills\ohyoodan_3rd_grade\13week_\x64\debug\main.nativecodeanalysis.xml
d:\03_01 yuhan\problem-solving skills\ohyoodan_3rd_grade\13week_\x64\debug\main.obj
d:\03_01 yuhan\problem-solving skills\ohyoodan_3rd_grade\13week_\x64\debug\scene.obj
d:\03_01 yuhan\problem-solving skills\ohyoodan_3rd_grade\13week_\x64\debug\object.obj
d:\03_01 yuhan\problem-solving skills\ohyoodan_3rd_grade\13week_\x64\debug\command.obj
d:\03_01 yuhan\problem-solving skills\ohyoodan_3rd_grade\x64\debug\13week_.pdb
d:\03_01 yuhan\problem-solving skills\ohyoodan_3rd_grade\13week_\x64\debug\13week_.tlog\cl.command.1.tlog
d:\03_01 yuhan\problem-solving skills\ohyoodan_3rd_grade\13week_\x64\debug\13week_.tlog\cl.read.1.tlog
d:\03_01 yuhan\problem-solving skills\ohyoodan_3rd_grade\13week_\x64\debug\13week_.tlog\cl.write.1.tlog
d:\03_01 yuhan\problem-solving skills\ohyoodan_3rd_grade\13week_\x64\debug\13week_.tlog\link-cvtres.read.1.tlog
d:\03_01 yuhan\problem-solving skills\ohyoodan_3rd_grade\13week_\x64\debug\13week_.tlog\link-cvtres.write.1.tlog
d:\03_01 yuhan\problem-solving skills\ohyoodan_3rd_grade\13week_\x64\debug\13week_.tlog\link-rc.read.1.tlog
d:\03_01 yuhan\problem-solving skills\ohyoodan_3rd_grade\13week_\x64\debug\13week_.tlog\link-rc.write.1.tlog
d:\03_01 yuhan\problem-solving skills\ohyoodan_3rd_grade\13week_\x64\debug\13week_.tlog\link.command.1.tlog
d:\03_01 yuhan\problem-solving skills\ohyoodan_3rd_grade\13week_\x64\debug\13week_.tlog\link.read.1.tlog
d:\03_01 yuhan\problem-solving skills\ohyoodan_3rd_grade\13week_\x64\debug\13week_.tlog\link.read.2.tlog
d:\03_01 yuhan\problem-solving skills\ohyoodan_3rd_grade\13week_\x64\debug\13week_.tlog\link.write.1.tlog
